|| true 静默忽略错误可能导致构建产物缺失后端。

第 63 行使用 || true 会静默忽略复制失败的情况。如果后端构建失败或输出路径不正确，构建会继续进行但最终产物中不包含后端可执行文件，用户安装后应用将无法正常工作。

建议至少添加一个验证步骤确认后端文件已正确复制。

🔧 建议的修复
coderabbitai[bot]
⚠️ Potential issue | 🔴 Critical

Python 虚拟环境激活方式不正确，会导致构建失败。

activate 脚本需要使用 source 命令来激活虚拟环境，而不是直接执行。当前写法 .venv/Scripts/activate 会在子 shell 中运行，不会影响当前 shell 环境，导致后续 pip install 不会安装到虚拟环境中。

此外，每个 run 步骤是独立的 shell，激活状态不会跨步骤保留。

🐛 建议的修复
       - name: Install backend dependencies
+        shell: bash
         run: |
           cd backend
           python -m venv .venv
-          .venv/Scripts/activate 2>/dev/null || .venv/bin/activate
-          pip install --upgrade pip
-          pip install pyinstaller
-          pip install -e ".[dev]"
+          if [[ "$RUNNER_OS" == "Windows" ]]; then
+            source .venv/Scripts/activate
+          else
+            source .venv/bin/activate
+          fi
+          pip install --upgrade pip
+          pip install pyinstaller
+          pip install -e ".[dev]"
同样的问题也存在于 "Build backend" 步骤（第 53-57 行）。

📝 Committable suggestion
‼️ IMPORTANT
Carefully review the code before committing. Ensure that it accurately replaces the highlighted code, contains no missing lines, and has no issues with indentation. Thoroughly test & benchmark the code to ensure it meets the requirements.
"为所有用户安装"模式可能因权限不足而失败。

PrivilegesRequired=lowest 意味着安装程序默认不会请求管理员权限运行。当用户选择"为所有用户安装"时，安装路径为 {commonpf}（通常是 C:\Program Files），需要管理员权限才能写入。

如果用户未以管理员身份运行安装程序但选择了"为所有用户安装"，将会遇到权限拒绝错误。

建议方案：

在自定义消息中明确提示"为所有用户安装"需要管理员权限
或者在 NextButtonClick 中检测当前是否有管理员权限，若无则提示用户
🛡️ 建议添加权限检查

coderabbitai[bot]
⚠️ Potential issue | 🔴 Critical

🧩 Analysis chain
🏁 Script executed:

#!/bin/bash
# 检查 nsis-extra.nsh 文件是否存在
fd -t f "nsis-extra.nsh" frontend/
Repository: LuminousCX/LuomiNest

Length of output: 46

🏁 Script executed:

# Search for nsis-extra.nsh in the entire repository
fd -t f "nsis-extra.nsh"
Repository: LuminousCX/LuomiNest

Length of output: 46

🏁 Script executed:

# Also check for similar file patterns that might be the NSIS script
fd -t f ".*\.nsh$"
Repository: LuminousCX/LuomiNest

Length of output: 46

🏁 Script executed:

# Verify the exact path referenced in package.json
cat -n frontend/package.json | grep -A 2 -B 2 "nsis-extra.nsh"
Repository: LuminousCX/LuomiNest

Length of output: 278

缺少 NSIS 扩展脚本文件，会导致构建失败。

package.json 第 91 行引用的 build/nsis-extra.nsh 文件不存在。electron-builder 在构建 NSIS 安装程序时需要该文件，缺失会导致构建失败。请创建该文件或更正引用路径。

Comment view
endif
Comment on lines R14 to R26
coderabbitai[bot] commented 

coderabbitai[bot]
⚠️ Potential issue | 🟡 Minor

Windows 下 MKDIR_P 可能因目录已存在而失败。

在 Unix 系统中，mkdir -p 会在目录已存在时静默成功。但在 Windows 中，mkdir 如果目录已存在会返回错误码。这可能导致 prepare-backend 等目标在第二次运行时失败。

🛡️ 建议修复
 ifeq ($(OS),Windows_NT)
   ACTIVATE := .venv\Scripts\activate &&
   RM_RF    := rmdir /s /q
-  MKDIR_P  := mkdir
+  MKDIR_P  := if not exist "$(subst /,\,$1)" mkdir
   COPY     := copy /Y
   NULL     := > nul
或者更简单的方式，使用 2>nul || true 来忽略错误：

 prepare-backend: build-backend
 	`@echo` "[Prepare] Copying backend to frontend resources..."
-	$(MKDIR_P) $(FRONTEND_DIR)/resources/backend
+	-$(MKDIR_P) $(FRONTEND_DIR)/resources/backend 2>$(NULL) || true
 	$(COPY) $(BACKEND_DIR)/dist/luominest-backend.exe $(FRONTEND_DIR)/resources/backend/ $(NULL)
🤖 Prompt for AI Agents
⚠️ Potential issue | 🟡 Minor

check 目标中的错误重定向在 Windows 下无效。

2>/dev/null 是 Unix 语法，在 Windows cmd.exe 下应使用 2>nul。鉴于此 Makefile 已经定义了 $(NULL) 变量来处理这种差异，建议统一使用。
    跨平台构建逻辑存在问题：后端可执行文件名硬编码为 .exe。

prepare-backend 目标硬编码复制 luominest-backend.exe，但在 Linux 和 macOS 上 PyInstaller 生成的可执行文件不带 .exe 扩展名。这会导致 build-linux 和 build-mac 目标失败。
